<?xml version="1.0" encoding="UTF-8"?>
<!-- Generated by org.testng.reporters.JUnitReportReporter -->
<testsuite hostname="Mehrajs-MBP" failures="0" tests="2" name="com.qa.hs.tests.LoginTest" time="31.143" errors="0" timestamp="26 Sep 2019 08:37:08 GMT" skipped="0">
  <testcase classname="com.qa.hs.tests.LoginTest" name="loginTest" time="21.341"/>
  <testcase classname="com.qa.hs.tests.LoginTest" name="signUpTest" time="9.802"/>
</testsuite> <!-- com.qa.hs.tests.LoginTest -->
