<?xml version="1.0" encoding="UTF-8"?>
<!-- Generated by org.testng.reporters.JUnitReportReporter -->
<testsuite hostname="Mehrajs-MBP" failures="0" tests="2" name="com.qa.hs.tests.LoginTest" time="32.154" errors="0" timestamp="30 Sep 2019 08:34:40 GMT" skipped="0">
  <testcase classname="com.qa.hs.tests.LoginTest" name="loginTest" time="22.947"/>
  <testcase classname="com.qa.hs.tests.LoginTest" name="signUpTest" time="9.207"/>
</testsuite> <!-- com.qa.hs.tests.LoginTest -->
