<?xml version="1.0" encoding="UTF-8"?>
<!-- Generated by org.testng.reporters.JUnitReportReporter -->
<testsuite hostname="Mehrajs-MBP" failures="0" tests="2" name="com.qa.hs.tests.LoginTest" time="21.910" errors="0" timestamp="26 Sep 2019 07:57:47 GMT" skipped="0">
  <testcase classname="com.qa.hs.tests.LoginTest" name="loginTest" time="21.851"/>
  <testcase classname="com.qa.hs.tests.LoginTest" name="signUpTest" time="0.059"/>
</testsuite> <!-- com.qa.hs.tests.LoginTest -->
